{
  "0 debug pnpm:scope": {
    "selected": 1,
    "workspacePrefix": null
  },
  "1 warn pnpm": {
    "message": "Unsupported engine: wanted: {\"node\":\"10.11.0\"} (current: {\"node\":\"v12.8.0\",\"pnpm\":\"3.7.0\"})",
    "prefix": "/home/aluno/Área de Trabalho/.Luciano/2019-behappy-api"
  },
  "2 error pnpm": {
    "message": {
      "errno": 1,
      "code": "ELIFECYCLE",
      "pkgid": "tarefas-api@0.0.1",
      "stage": "dev-start",
      "script": "nodemon bootstrap",
      "pkgname": "tarefas-api"
    },
    "err": {
      "name": "Error",
      "message": "tarefas-api@0.0.1 dev-start: `nodemon bootstrap`\nExit status 1",
      "code": "ELIFECYCLE",
      "stack": "Error: tarefas-api@0.0.1 dev-start: `nodemon bootstrap`\nExit status 1\n    at EventEmitter.<anonymous> (/home/aluno/.nvm/versions/node/v12.8.0/pnpm-global/2/node_modules/.registry.npmjs.org/pnpm/3.7.0/node_modules/pnpm/lib/node_modules/@zkochan/npm-lifecycle/index.js:302:16)\n    at EventEmitter.emit (events.js:203:13)\n    at ChildProcess.<anonymous> (/home/aluno/.nvm/versions/node/v12.8.0/pnpm-global/2/node_modules/.registry.npmjs.org/pnpm/3.7.0/node_modules/pnpm/lib/node_modules/@zkochan/npm-lifecycle/lib/spawn.js:55:14)\n    at ChildProcess.emit (events.js:203:13)\n    at maybeClose (internal/child_process.js:1021:16)\n    at Process.ChildProcess._handle.onexit (internal/child_process.js:283:5)"
    }
  }
}